27.12.2022 19:17:21.1378	 [ServerMain is started!]
27.12.2022 19:17:21.1408	 [LogWriter is started!]
27.12.2022 19:17:21.1488	 [ConfigReader config loaded from .//config_server.json]
27.12.2022 19:17:21.1498	 [class Server is started!]
27.12.2022 19:17:21.1508	 [class SessionThreadsManager is started!]
27.12.2022 19:17:41.6909	 [class ServerSession is started!]
27.12.2022 19:17:41.6909	 [class ServerInManager is started!]
27.12.2022 19:17:41.6909	 [class ServerOutManager is started!]
27.12.2022 19:17:41.6929	 [out: 3 0 1672154261691 /welcome no-args]
27.12.2022 19:17:41.6929	 [in: 1 0 1672154261686 /get_session_id no-args]
27.12.2022 19:17:41.6929	 [out: 4 1 1672154261692 /get_user 6 guest6 123]
27.12.2022 19:17:41.6929	 [out: 5 2 1672154261692 /get_session_id 1]
27.12.2022 19:17:41.6929	 [out: 6 1 1672154261692 /get_session_id 1]
27.12.2022 19:17:44.0801	 [in: 2 0 1672154264079 /get_user no-args]
27.12.2022 19:17:44.0801	 [out: 7 2 1672154264080 /get_user 6 guest6 123]
27.12.2022 19:17:49.4127	 [class ServerInManager is started!]
27.12.2022 19:17:49.4127	 [class ServerSession is started!]
27.12.2022 19:17:49.4127	 [class ServerOutManager is started!]
27.12.2022 19:17:49.4127	 [out: 10 0 1672154269412 /welcome no-args]
27.12.2022 19:17:49.4127	 [out: 11 8 1672154269412 /get_user 7 guest7 123]
27.12.2022 19:17:49.4137	 [out: 12 9 1672154269413 /get_session_id 2]
27.12.2022 19:18:21.3816	 [in: 3 0 1672154301381 /send_all guest6 Hello all!]
27.12.2022 19:18:21.3836	 [out: 13 3 1672154301383 /send_all guest6 guest7 Hello all!]
27.12.2022 19:18:21.3836	 [out: 13 3 1672154301383 /send_all guest6 guest7 Hello all!]
27.12.2022 19:18:30.5752	 [in: 4 0 1672154310574 /send_all guest6 Hello aaaaaallll!]
27.12.2022 19:18:30.5752	 [out: 14 4 1672154310575 /send_all guest6 guest7 Hello aaaaaallll!]
27.12.2022 19:18:30.5752	 [out: 14 4 1672154310575 /send_all guest6 guest7 Hello aaaaaallll!]
27.12.2022 19:18:34.5496	 [class ServerInManager is started!]
27.12.2022 19:18:34.5496	 [class ServerSession is started!]
27.12.2022 19:18:34.5496	 [class ServerOutManager is started!]
27.12.2022 19:18:34.5496	 [out: 17 0 1672154314549 /welcome no-args]
27.12.2022 19:18:34.5506	 [out: 18 15 1672154314550 /get_user 8 guest8 123]
27.12.2022 19:18:34.5506	 [out: 19 16 1672154314550 /get_session_id 3]
27.12.2022 19:19:14.5387	 [class ServerSession is stopped!]
27.12.2022 19:19:20.1952	 [class ServerSession is stopped!]
